2025-03-22T14:01:52.856+01:00  INFO 20884 --- [ENEMY-SERVICE] [main] d.z.e.EnemyServiceApplicationTests       : Starting EnemyServiceApplicationTests using Java 21.0.6 with PID 20884 (started by Sebastian in C:\Users\Sebastian\IdeaProjects\rpg-game-application\rpg-game-application\enemy-service)
2025-03-22T14:01:52.858+01:00  INFO 20884 --- [ENEMY-SERVICE] [main] d.z.e.EnemyServiceApplicationTests       : The following 1 profile is active: "test"
2025-03-22T14:01:54.231+01:00  INFO 20884 --- [ENEMY-SERVICE] [main] .s.d.r.c.RepositoryConfigurationDelegate : Multiple Spring Data modules found, entering strict repository configuration mode
2025-03-22T14:01:54.234+01:00  INFO 20884 --- [ENEMY-SERVICE] [main] .s.d.r.c.RepositoryConfigurationDelegate : Bootstrapping Spring Data JDBC repositories in DEFAULT mode.
2025-03-22T14:01:54.256+01:00  INFO 20884 --- [ENEMY-SERVICE] [main] .s.d.r.c.RepositoryConfigurationDelegate : Finished Spring Data repository scanning in 14 ms. Found 0 JDBC repository interfaces.
2025-03-22T14:01:54.268+01:00  INFO 20884 --- [ENEMY-SERVICE] [main] .s.d.r.c.RepositoryConfigurationDelegate : Multiple Spring Data modules found, entering strict repository configuration mode
2025-03-22T14:01:54.270+01:00  INFO 20884 --- [ENEMY-SERVICE] [main] .s.d.r.c.RepositoryConfigurationDelegate : Bootstrapping Spring Data JPA repositories in DEFAULT mode.
2025-03-22T14:01:54.277+01:00  INFO 20884 --- [ENEMY-SERVICE] [main] .s.d.r.c.RepositoryConfigurationDelegate : Finished Spring Data repository scanning in 2 ms. Found 0 JPA repository interfaces.
2025-03-22T14:01:54.514+01:00  INFO 20884 --- [ENEMY-SERVICE] [main] o.s.cloud.context.scope.GenericScope     : BeanFactory id=acfa3f96-7ce7-3d09-a58d-4df81ac8a978
2025-03-22T14:01:55.561+01:00  INFO 20884 --- [ENEMY-SERVICE] [main] o.hibernate.jpa.internal.util.LogHelper  : HHH000204: Processing PersistenceUnitInfo [name: default]
2025-03-22T14:01:55.668+01:00  INFO 20884 --- [ENEMY-SERVICE] [main] org.hibernate.Version                    : HHH000412: Hibernate ORM core version 6.6.11.Final
2025-03-22T14:01:55.729+01:00  INFO 20884 --- [ENEMY-SERVICE] [main] o.h.c.internal.RegionFactoryInitiator    : HHH000026: Second-level cache disabled
2025-03-22T14:01:56.127+01:00  INFO 20884 --- [ENEMY-SERVICE] [main] o.s.o.j.p.SpringPersistenceUnitInfo      : No LoadTimeWeaver setup: ignoring JPA class transformer
2025-03-22T14:01:56.171+01:00  INFO 20884 --- [ENEMY-SERVICE] [main] com.zaxxer.hikari.HikariDataSource       : HikariPool-1 - Starting...
2025-03-22T14:01:56.385+01:00  INFO 20884 --- [ENEMY-SERVICE] [main] com.zaxxer.hikari.pool.HikariPool        : HikariPool-1 - Added connection org.postgresql.jdbc.PgConnection@418d1c03
2025-03-22T14:01:56.387+01:00  INFO 20884 --- [ENEMY-SERVICE] [main] com.zaxxer.hikari.HikariDataSource       : HikariPool-1 - Start completed.
2025-03-22T14:01:56.487+01:00  INFO 20884 --- [ENEMY-SERVICE] [main] org.hibernate.orm.connections.pooling    : HHH10001005: Database info:
	Database JDBC URL [Connecting through datasource 'HikariDataSource (HikariPool-1)']
	Database driver: undefined/unknown
	Database version: 16.3
	Autocommit mode: undefined/unknown
	Isolation level: undefined/unknown
	Minimum pool size: undefined/unknown
	Maximum pool size: undefined/unknown
2025-03-22T14:01:56.984+01:00  INFO 20884 --- [ENEMY-SERVICE] [main] o.h.e.t.j.p.i.JtaPlatformInitiator       : HHH000489: No JTA platform available (set 'hibernate.transaction.jta.platform' to enable JTA platform integration)
2025-03-22T14:01:56.992+01:00  INFO 20884 --- [ENEMY-SERVICE] [main] j.LocalContainerEntityManagerFactoryBean : Initialized JPA EntityManagerFactory for persistence unit 'default'
2025-03-22T14:01:59.443+01:00  INFO 20884 --- [ENEMY-SERVICE] [main] o.s.cloud.commons.util.InetUtils         : Cannot determine local hostname
2025-03-22T14:02:01.427+01:00  INFO 20884 --- [ENEMY-SERVICE] [main] o.s.cloud.commons.util.InetUtils         : Cannot determine local hostname
2025-03-22T14:02:01.456+01:00  INFO 20884 --- [ENEMY-SERVICE] [main] DiscoveryClientOptionalArgsConfiguration : Eureka HTTP Client uses RestTemplate.
2025-03-22T14:02:01.532+01:00  WARN 20884 --- [ENEMY-SERVICE] [main] iguration$LoadBalancerCaffeineWarnLogger : Spring Cloud LoadBalancer is currently working with the default cache. While this cache implementation is useful for development and tests, it's recommended to use Caffeine cache in production.You can switch to using Caffeine cache, by adding it and org.springframework.cache.caffeine.CaffeineCacheManager to the classpath.
2025-03-22T14:02:01.549+01:00  INFO 20884 --- [ENEMY-SERVICE] [main] o.s.b.a.e.web.EndpointLinksResolver      : Exposing 4 endpoints beneath base path '/actuator'
2025-03-22T14:02:01.661+01:00  INFO 20884 --- [ENEMY-SERVICE] [main] o.s.c.n.eureka.InstanceInfoFactory       : Setting initial instance status as: STARTING
2025-03-22T14:02:01.691+01:00  INFO 20884 --- [ENEMY-SERVICE] [main] com.netflix.discovery.DiscoveryClient    : Initializing Eureka in region us-east-1
2025-03-22T14:02:01.697+01:00  INFO 20884 --- [ENEMY-SERVICE] [main] c.n.d.s.r.aws.ConfigClusterResolver      : Resolving eureka endpoints via configuration
2025-03-22T14:02:01.707+01:00  INFO 20884 --- [ENEMY-SERVICE] [main] com.netflix.discovery.DiscoveryClient    : Disable delta property : false
2025-03-22T14:02:01.708+01:00  INFO 20884 --- [ENEMY-SERVICE] [main] com.netflix.discovery.DiscoveryClient    : Single vip registry refresh property : null
2025-03-22T14:02:01.708+01:00  INFO 20884 --- [ENEMY-SERVICE] [main] com.netflix.discovery.DiscoveryClient    : Force full registry fetch : false
2025-03-22T14:02:01.708+01:00  INFO 20884 --- [ENEMY-SERVICE] [main] com.netflix.discovery.DiscoveryClient    : Application is null : false
2025-03-22T14:02:01.708+01:00  INFO 20884 --- [ENEMY-SERVICE] [main] com.netflix.discovery.DiscoveryClient    : Registered Applications size is zero : true
2025-03-22T14:02:01.708+01:00  INFO 20884 --- [ENEMY-SERVICE] [main] com.netflix.discovery.DiscoveryClient    : Application version is -1: true
2025-03-22T14:02:01.708+01:00  INFO 20884 --- [ENEMY-SERVICE] [main] com.netflix.discovery.DiscoveryClient    : Getting all instance registry info from the eureka server
2025-03-22T14:02:02.137+01:00  INFO 20884 --- [ENEMY-SERVICE] [main] com.netflix.discovery.DiscoveryClient    : The response status is 200
2025-03-22T14:02:02.139+01:00  INFO 20884 --- [ENEMY-SERVICE] [main] com.netflix.discovery.DiscoveryClient    : Starting heartbeat executor: renew interval is: 30
2025-03-22T14:02:02.141+01:00  INFO 20884 --- [ENEMY-SERVICE] [main] c.n.discovery.InstanceInfoReplicator     : InstanceInfoReplicator onDemand update allowed rate per min is 4
2025-03-22T14:02:02.143+01:00  INFO 20884 --- [ENEMY-SERVICE] [main] com.netflix.discovery.DiscoveryClient    : Discovery Client initialized at timestamp 1742648522142 with initial instances count: 5
2025-03-22T14:02:02.150+01:00  INFO 20884 --- [ENEMY-SERVICE] [main] o.s.c.n.e.s.EurekaServiceRegistry        : Registering application ENEMY-SERVICE with eureka with status UP
2025-03-22T14:02:02.150+01:00  INFO 20884 --- [ENEMY-SERVICE] [main] com.netflix.discovery.DiscoveryClient    : Saw local status change event StatusChangeEvent [timestamp=1742648522150, current=UP, previous=STARTING]
2025-03-22T14:02:02.153+01:00  INFO 20884 --- [ENEMY-SERVICE] [DiscoveryClient-InstanceInfoReplicator-%d] com.netflix.discovery.DiscoveryClient    : DiscoveryClient_ENEMY-SERVICE/localhost:ENEMY-SERVICE:8085: registering service...
2025-03-22T14:02:02.170+01:00  INFO 20884 --- [ENEMY-SERVICE] [main] d.z.e.EnemyServiceApplicationTests       : Started EnemyServiceApplicationTests in 10.84 seconds (process running for 12.573)
2025-03-22T14:02:02.208+01:00  INFO 20884 --- [ENEMY-SERVICE] [DiscoveryClient-InstanceInfoReplicator-%d] com.netflix.discovery.DiscoveryClient    : DiscoveryClient_ENEMY-SERVICE/localhost:ENEMY-SERVICE:8085 - registration status: 204
2025-03-22T14:02:02.977+01:00  INFO 20884 --- [ENEMY-SERVICE] [SpringApplicationShutdownHook] o.s.c.n.e.s.EurekaServiceRegistry        : Unregistering application ENEMY-SERVICE with eureka with status DOWN
2025-03-22T14:02:02.978+01:00  INFO 20884 --- [ENEMY-SERVICE] [SpringApplicationShutdownHook] com.netflix.discovery.DiscoveryClient    : Saw local status change event StatusChangeEvent [timestamp=1742648522978, current=DOWN, previous=UP]
2025-03-22T14:02:02.978+01:00  INFO 20884 --- [ENEMY-SERVICE] [DiscoveryClient-InstanceInfoReplicator-%d] com.netflix.discovery.DiscoveryClient    : DiscoveryClient_ENEMY-SERVICE/localhost:ENEMY-SERVICE:8085: registering service...
2025-03-22T14:02:02.982+01:00  INFO 20884 --- [ENEMY-SERVICE] [DiscoveryClient-InstanceInfoReplicator-%d] com.netflix.discovery.DiscoveryClient    : DiscoveryClient_ENEMY-SERVICE/localhost:ENEMY-SERVICE:8085 - registration status: 204
2025-03-22T14:02:02.986+01:00  INFO 20884 --- [ENEMY-SERVICE] [SpringApplicationShutdownHook] j.LocalContainerEntityManagerFactoryBean : Closing JPA EntityManagerFactory for persistence unit 'default'
2025-03-22T14:02:02.989+01:00  INFO 20884 --- [ENEMY-SERVICE] [SpringApplicationShutdownHook] com.zaxxer.hikari.HikariDataSource       : HikariPool-1 - Shutdown initiated...
2025-03-22T14:02:02.993+01:00  INFO 20884 --- [ENEMY-SERVICE] [SpringApplicationShutdownHook] com.zaxxer.hikari.HikariDataSource       : HikariPool-1 - Shutdown completed.
2025-03-22T14:02:02.994+01:00  INFO 20884 --- [ENEMY-SERVICE] [SpringApplicationShutdownHook] com.netflix.discovery.DiscoveryClient    : Shutting down DiscoveryClient ...
2025-03-22T14:02:06.003+01:00  INFO 20884 --- [ENEMY-SERVICE] [SpringApplicationShutdownHook] com.netflix.discovery.DiscoveryClient    : Unregistering ...
2025-03-22T14:02:06.021+01:00  INFO 20884 --- [ENEMY-SERVICE] [SpringApplicationShutdownHook] com.netflix.discovery.DiscoveryClient    : DiscoveryClient_ENEMY-SERVICE/localhost:ENEMY-SERVICE:8085 - deregister  status: 200
2025-03-22T14:02:06.021+01:00  INFO 20884 --- [ENEMY-SERVICE] [SpringApplicationShutdownHook] com.netflix.discovery.DiscoveryClient    : Completed shut down of DiscoveryClient
2025-03-22T14:59:38.925+01:00  INFO 22876 --- [ENEMY-SERVICE] [main] d.z.e.EnemyServiceApplicationTests       : Starting EnemyServiceApplicationTests using Java 21.0.6 with PID 22876 (started by Sebastian in C:\Users\Sebastian\IdeaProjects\rpg-game-application\rpg-game-application\enemy-service)
2025-03-22T14:59:38.927+01:00  INFO 22876 --- [ENEMY-SERVICE] [main] d.z.e.EnemyServiceApplicationTests       : The following 1 profile is active: "test"
2025-03-22T14:59:40.301+01:00  INFO 22876 --- [ENEMY-SERVICE] [main] .s.d.r.c.RepositoryConfigurationDelegate : Bootstrapping Spring Data JPA repositories in DEFAULT mode.
2025-03-22T14:59:40.504+01:00  INFO 22876 --- [ENEMY-SERVICE] [main] .s.d.r.c.RepositoryConfigurationDelegate : Finished Spring Data repository scanning in 191 ms. Found 2 JPA repository interfaces.
2025-03-22T14:59:40.762+01:00  INFO 22876 --- [ENEMY-SERVICE] [main] o.s.cloud.context.scope.GenericScope     : BeanFactory id=ef2ef3f6-41f4-38d4-87c3-5e7a55df9299
2025-03-22T14:59:41.600+01:00  INFO 22876 --- [ENEMY-SERVICE] [main] o.hibernate.jpa.internal.util.LogHelper  : HHH000204: Processing PersistenceUnitInfo [name: default]
2025-03-22T14:59:41.703+01:00  INFO 22876 --- [ENEMY-SERVICE] [main] org.hibernate.Version                    : HHH000412: Hibernate ORM core version 6.6.11.Final
2025-03-22T14:59:41.754+01:00  INFO 22876 --- [ENEMY-SERVICE] [main] o.h.c.internal.RegionFactoryInitiator    : HHH000026: Second-level cache disabled
2025-03-22T14:59:42.174+01:00  INFO 22876 --- [ENEMY-SERVICE] [main] o.s.o.j.p.SpringPersistenceUnitInfo      : No LoadTimeWeaver setup: ignoring JPA class transformer
2025-03-22T14:59:42.213+01:00  INFO 22876 --- [ENEMY-SERVICE] [main] com.zaxxer.hikari.HikariDataSource       : HikariPool-1 - Starting...
2025-03-22T14:59:42.537+01:00  INFO 22876 --- [ENEMY-SERVICE] [main] com.zaxxer.hikari.pool.HikariPool        : HikariPool-1 - Added connection org.postgresql.jdbc.PgConnection@65930e02
2025-03-22T14:59:42.540+01:00  INFO 22876 --- [ENEMY-SERVICE] [main] com.zaxxer.hikari.HikariDataSource       : HikariPool-1 - Start completed.
2025-03-22T14:59:42.641+01:00  INFO 22876 --- [ENEMY-SERVICE] [main] org.hibernate.orm.connections.pooling    : HHH10001005: Database info:
	Database JDBC URL [Connecting through datasource 'HikariDataSource (HikariPool-1)']
	Database driver: undefined/unknown
	Database version: 16.3
	Autocommit mode: undefined/unknown
	Isolation level: undefined/unknown
	Minimum pool size: undefined/unknown
	Maximum pool size: undefined/unknown
2025-03-22T14:59:43.967+01:00  INFO 22876 --- [ENEMY-SERVICE] [main] o.h.e.t.j.p.i.JtaPlatformInitiator       : HHH000489: No JTA platform available (set 'hibernate.transaction.jta.platform' to enable JTA platform integration)
2025-03-22T14:59:44.098+01:00  INFO 22876 --- [ENEMY-SERVICE] [main] j.LocalContainerEntityManagerFactoryBean : Initialized JPA EntityManagerFactory for persistence unit 'default'
2025-03-22T14:59:47.185+01:00  INFO 22876 --- [ENEMY-SERVICE] [main] o.s.cloud.commons.util.InetUtils         : Cannot determine local hostname
2025-03-22T14:59:48.759+01:00  INFO 22876 --- [ENEMY-SERVICE] [main] o.s.cloud.commons.util.InetUtils         : Cannot determine local hostname
2025-03-22T14:59:48.782+01:00  INFO 22876 --- [ENEMY-SERVICE] [main] DiscoveryClientOptionalArgsConfiguration : Eureka HTTP Client uses RestTemplate.
2025-03-22T14:59:48.858+01:00  WARN 22876 --- [ENEMY-SERVICE] [main] iguration$LoadBalancerCaffeineWarnLogger : Spring Cloud LoadBalancer is currently working with the default cache. While this cache implementation is useful for development and tests, it's recommended to use Caffeine cache in production.You can switch to using Caffeine cache, by adding it and org.springframework.cache.caffeine.CaffeineCacheManager to the classpath.
2025-03-22T14:59:48.874+01:00  INFO 22876 --- [ENEMY-SERVICE] [main] o.s.b.a.e.web.EndpointLinksResolver      : Exposing 4 endpoints beneath base path '/actuator'
2025-03-22T14:59:48.960+01:00  INFO 22876 --- [ENEMY-SERVICE] [main] o.s.c.n.eureka.InstanceInfoFactory       : Setting initial instance status as: STARTING
2025-03-22T14:59:48.992+01:00  INFO 22876 --- [ENEMY-SERVICE] [main] com.netflix.discovery.DiscoveryClient    : Initializing Eureka in region us-east-1
2025-03-22T14:59:48.997+01:00  INFO 22876 --- [ENEMY-SERVICE] [main] c.n.d.s.r.aws.ConfigClusterResolver      : Resolving eureka endpoints via configuration
2025-03-22T14:59:49.008+01:00  INFO 22876 --- [ENEMY-SERVICE] [main] com.netflix.discovery.DiscoveryClient    : Disable delta property : false
2025-03-22T14:59:49.008+01:00  INFO 22876 --- [ENEMY-SERVICE] [main] com.netflix.discovery.DiscoveryClient    : Single vip registry refresh property : null
2025-03-22T14:59:49.008+01:00  INFO 22876 --- [ENEMY-SERVICE] [main] com.netflix.discovery.DiscoveryClient    : Force full registry fetch : false
2025-03-22T14:59:49.009+01:00  INFO 22876 --- [ENEMY-SERVICE] [main] com.netflix.discovery.DiscoveryClient    : Application is null : false
2025-03-22T14:59:49.009+01:00  INFO 22876 --- [ENEMY-SERVICE] [main] com.netflix.discovery.DiscoveryClient    : Registered Applications size is zero : true
2025-03-22T14:59:49.009+01:00  INFO 22876 --- [ENEMY-SERVICE] [main] com.netflix.discovery.DiscoveryClient    : Application version is -1: true
2025-03-22T14:59:49.009+01:00  INFO 22876 --- [ENEMY-SERVICE] [main] com.netflix.discovery.DiscoveryClient    : Getting all instance registry info from the eureka server
2025-03-22T14:59:49.439+01:00  INFO 22876 --- [ENEMY-SERVICE] [main] com.netflix.discovery.DiscoveryClient    : The response status is 200
2025-03-22T14:59:49.441+01:00  INFO 22876 --- [ENEMY-SERVICE] [main] com.netflix.discovery.DiscoveryClient    : Starting heartbeat executor: renew interval is: 30
2025-03-22T14:59:49.444+01:00  INFO 22876 --- [ENEMY-SERVICE] [main] c.n.discovery.InstanceInfoReplicator     : InstanceInfoReplicator onDemand update allowed rate per min is 4
2025-03-22T14:59:49.445+01:00  INFO 22876 --- [ENEMY-SERVICE] [main] com.netflix.discovery.DiscoveryClient    : Discovery Client initialized at timestamp 1742651989445 with initial instances count: 6
2025-03-22T14:59:49.452+01:00  INFO 22876 --- [ENEMY-SERVICE] [main] o.s.c.n.e.s.EurekaServiceRegistry        : Registering application ENEMY-SERVICE with eureka with status UP
2025-03-22T14:59:49.453+01:00  INFO 22876 --- [ENEMY-SERVICE] [main] com.netflix.discovery.DiscoveryClient    : Saw local status change event StatusChangeEvent [timestamp=1742651989453, current=UP, previous=STARTING]
2025-03-22T14:59:49.455+01:00  INFO 22876 --- [ENEMY-SERVICE] [DiscoveryClient-InstanceInfoReplicator-%d] com.netflix.discovery.DiscoveryClient    : DiscoveryClient_ENEMY-SERVICE/localhost:ENEMY-SERVICE:8085: registering service...
2025-03-22T14:59:49.470+01:00  INFO 22876 --- [ENEMY-SERVICE] [main] d.z.e.EnemyServiceApplicationTests       : Started EnemyServiceApplicationTests in 12.054 seconds (process running for 13.646)
2025-03-22T14:59:49.500+01:00  INFO 22876 --- [ENEMY-SERVICE] [DiscoveryClient-InstanceInfoReplicator-%d] com.netflix.discovery.DiscoveryClient    : DiscoveryClient_ENEMY-SERVICE/localhost:ENEMY-SERVICE:8085 - registration status: 204
2025-03-22T14:59:50.196+01:00  INFO 22876 --- [ENEMY-SERVICE] [SpringApplicationShutdownHook] o.s.c.n.e.s.EurekaServiceRegistry        : Unregistering application ENEMY-SERVICE with eureka with status DOWN
2025-03-22T14:59:50.197+01:00  INFO 22876 --- [ENEMY-SERVICE] [SpringApplicationShutdownHook] com.netflix.discovery.DiscoveryClient    : Saw local status change event StatusChangeEvent [timestamp=1742651990197, current=DOWN, previous=UP]
2025-03-22T14:59:50.197+01:00  INFO 22876 --- [ENEMY-SERVICE] [DiscoveryClient-InstanceInfoReplicator-%d] com.netflix.discovery.DiscoveryClient    : DiscoveryClient_ENEMY-SERVICE/localhost:ENEMY-SERVICE:8085: registering service...
2025-03-22T14:59:50.202+01:00  INFO 22876 --- [ENEMY-SERVICE] [DiscoveryClient-InstanceInfoReplicator-%d] com.netflix.discovery.DiscoveryClient    : DiscoveryClient_ENEMY-SERVICE/localhost:ENEMY-SERVICE:8085 - registration status: 204
2025-03-22T14:59:50.205+01:00  INFO 22876 --- [ENEMY-SERVICE] [SpringApplicationShutdownHook] j.LocalContainerEntityManagerFactoryBean : Closing JPA EntityManagerFactory for persistence unit 'default'
2025-03-22T14:59:50.208+01:00  INFO 22876 --- [ENEMY-SERVICE] [SpringApplicationShutdownHook] com.zaxxer.hikari.HikariDataSource       : HikariPool-1 - Shutdown initiated...
2025-03-22T14:59:50.212+01:00  INFO 22876 --- [ENEMY-SERVICE] [SpringApplicationShutdownHook] com.zaxxer.hikari.HikariDataSource       : HikariPool-1 - Shutdown completed.
2025-03-22T14:59:50.214+01:00  INFO 22876 --- [ENEMY-SERVICE] [SpringApplicationShutdownHook] com.netflix.discovery.DiscoveryClient    : Shutting down DiscoveryClient ...
2025-03-22T14:59:53.224+01:00  INFO 22876 --- [ENEMY-SERVICE] [SpringApplicationShutdownHook] com.netflix.discovery.DiscoveryClient    : Unregistering ...
2025-03-22T14:59:53.242+01:00  INFO 22876 --- [ENEMY-SERVICE] [SpringApplicationShutdownHook] com.netflix.discovery.DiscoveryClient    : DiscoveryClient_ENEMY-SERVICE/localhost:ENEMY-SERVICE:8085 - deregister  status: 200
2025-03-22T14:59:53.242+01:00  INFO 22876 --- [ENEMY-SERVICE] [SpringApplicationShutdownHook] com.netflix.discovery.DiscoveryClient    : Completed shut down of DiscoveryClient
