2025-02-15T13:21:34.833+01:00  INFO 20784 --- [INVENTORY-SERVICE] [main] d.z.i.InventoryServiceApplicationTests   : Starting InventoryServiceApplicationTests using Java 21.0.6 with PID 20784 (started by Sebastian in C:\Users\Sebastian\IdeaProjects\rpg-game-application\rpg-game-application\inventory-service)
2025-02-15T13:21:34.837+01:00  INFO 20784 --- [INVENTORY-SERVICE] [main] d.z.i.InventoryServiceApplicationTests   : The following 1 profile is active: "test"
2025-02-15T13:21:36.439+01:00  INFO 20784 --- [INVENTORY-SERVICE] [main] .s.d.r.c.RepositoryConfigurationDelegate : Multiple Spring Data modules found, entering strict repository configuration mode
2025-02-15T13:21:36.441+01:00  INFO 20784 --- [INVENTORY-SERVICE] [main] .s.d.r.c.RepositoryConfigurationDelegate : Bootstrapping Spring Data JDBC repositories in DEFAULT mode.
2025-02-15T13:21:36.487+01:00  INFO 20784 --- [INVENTORY-SERVICE] [main] .RepositoryConfigurationExtensionSupport : Spring Data JDBC - Could not safely identify store assignment for repository candidate interface dev.zymixon.inventory_service.repositories.CharacterInventoryRepository; If you want this repository to be a JDBC repository, consider annotating your entities with one of these annotations: org.springframework.data.relational.core.mapping.Table.
2025-02-15T13:21:36.488+01:00  INFO 20784 --- [INVENTORY-SERVICE] [main] .s.d.r.c.RepositoryConfigurationDelegate : Finished Spring Data repository scanning in 38 ms. Found 0 JDBC repository interfaces.
2025-02-15T13:21:36.512+01:00  INFO 20784 --- [INVENTORY-SERVICE] [main] .s.d.r.c.RepositoryConfigurationDelegate : Multiple Spring Data modules found, entering strict repository configuration mode
2025-02-15T13:21:36.514+01:00  INFO 20784 --- [INVENTORY-SERVICE] [main] .s.d.r.c.RepositoryConfigurationDelegate : Bootstrapping Spring Data JPA repositories in DEFAULT mode.
2025-02-15T13:21:36.674+01:00  INFO 20784 --- [INVENTORY-SERVICE] [main] .s.d.r.c.RepositoryConfigurationDelegate : Finished Spring Data repository scanning in 154 ms. Found 1 JPA repository interface.
2025-02-15T13:21:36.971+01:00  INFO 20784 --- [INVENTORY-SERVICE] [main] o.s.cloud.context.scope.GenericScope     : BeanFactory id=fb945b90-272b-32e2-bee5-ae9532435b89
2025-02-15T13:21:37.721+01:00  INFO 20784 --- [INVENTORY-SERVICE] [main] o.hibernate.jpa.internal.util.LogHelper  : HHH000204: Processing PersistenceUnitInfo [name: default]
2025-02-15T13:21:37.839+01:00  INFO 20784 --- [INVENTORY-SERVICE] [main] org.hibernate.Version                    : HHH000412: Hibernate ORM core version 6.6.5.Final
2025-02-15T13:21:37.896+01:00  INFO 20784 --- [INVENTORY-SERVICE] [main] o.h.c.internal.RegionFactoryInitiator    : HHH000026: Second-level cache disabled
2025-02-15T13:21:38.344+01:00  INFO 20784 --- [INVENTORY-SERVICE] [main] o.s.o.j.p.SpringPersistenceUnitInfo      : No LoadTimeWeaver setup: ignoring JPA class transformer
2025-02-15T13:21:38.396+01:00  INFO 20784 --- [INVENTORY-SERVICE] [main] com.zaxxer.hikari.HikariDataSource       : HikariPool-1 - Starting...
2025-02-15T13:21:38.681+01:00  INFO 20784 --- [INVENTORY-SERVICE] [main] com.zaxxer.hikari.pool.HikariPool        : HikariPool-1 - Added connection org.postgresql.jdbc.PgConnection@6719f206
2025-02-15T13:21:38.683+01:00  INFO 20784 --- [INVENTORY-SERVICE] [main] com.zaxxer.hikari.HikariDataSource       : HikariPool-1 - Start completed.
2025-02-15T13:21:38.808+01:00  INFO 20784 --- [INVENTORY-SERVICE] [main] org.hibernate.orm.connections.pooling    : HHH10001005: Database info:
	Database JDBC URL [Connecting through datasource 'HikariDataSource (HikariPool-1)']
	Database driver: undefined/unknown
	Database version: 16.3
	Autocommit mode: undefined/unknown
	Isolation level: undefined/unknown
	Minimum pool size: undefined/unknown
	Maximum pool size: undefined/unknown
2025-02-15T13:21:40.196+01:00  INFO 20784 --- [INVENTORY-SERVICE] [main] o.h.e.t.j.p.i.JtaPlatformInitiator       : HHH000489: No JTA platform available (set 'hibernate.transaction.jta.platform' to enable JTA platform integration)
2025-02-15T13:21:40.530+01:00  INFO 20784 --- [INVENTORY-SERVICE] [main] j.LocalContainerEntityManagerFactoryBean : Initialized JPA EntityManagerFactory for persistence unit 'default'
2025-02-15T13:21:40.925+01:00  INFO 20784 --- [INVENTORY-SERVICE] [main] o.s.d.j.r.query.QueryEnhancerFactory     : Hibernate is in classpath; If applicable, HQL parser will be used.
2025-02-15T13:21:43.650+01:00  INFO 20784 --- [INVENTORY-SERVICE] [main] o.s.cloud.commons.util.InetUtils         : Cannot determine local hostname
2025-02-15T13:21:45.332+01:00  INFO 20784 --- [INVENTORY-SERVICE] [main] o.s.cloud.commons.util.InetUtils         : Cannot determine local hostname
2025-02-15T13:21:45.357+01:00  INFO 20784 --- [INVENTORY-SERVICE] [main] DiscoveryClientOptionalArgsConfiguration : Eureka HTTP Client uses RestTemplate.
2025-02-15T13:21:45.454+01:00  WARN 20784 --- [INVENTORY-SERVICE] [main] iguration$LoadBalancerCaffeineWarnLogger : Spring Cloud LoadBalancer is currently working with the default cache. While this cache implementation is useful for development and tests, it's recommended to use Caffeine cache in production.You can switch to using Caffeine cache, by adding it and org.springframework.cache.caffeine.CaffeineCacheManager to the classpath.
2025-02-15T13:21:45.471+01:00  INFO 20784 --- [INVENTORY-SERVICE] [main] o.s.b.a.e.web.EndpointLinksResolver      : Exposing 4 endpoints beneath base path '/actuator'
2025-02-15T13:21:45.562+01:00  INFO 20784 --- [INVENTORY-SERVICE] [main] o.s.c.n.eureka.InstanceInfoFactory       : Setting initial instance status as: STARTING
2025-02-15T13:21:45.593+01:00  INFO 20784 --- [INVENTORY-SERVICE] [main] com.netflix.discovery.DiscoveryClient    : Initializing Eureka in region us-east-1
2025-02-15T13:21:45.599+01:00  INFO 20784 --- [INVENTORY-SERVICE] [main] c.n.d.s.r.aws.ConfigClusterResolver      : Resolving eureka endpoints via configuration
2025-02-15T13:21:45.611+01:00  INFO 20784 --- [INVENTORY-SERVICE] [main] com.netflix.discovery.DiscoveryClient    : Disable delta property : false
2025-02-15T13:21:45.612+01:00  INFO 20784 --- [INVENTORY-SERVICE] [main] com.netflix.discovery.DiscoveryClient    : Single vip registry refresh property : null
2025-02-15T13:21:45.612+01:00  INFO 20784 --- [INVENTORY-SERVICE] [main] com.netflix.discovery.DiscoveryClient    : Force full registry fetch : false
2025-02-15T13:21:45.612+01:00  INFO 20784 --- [INVENTORY-SERVICE] [main] com.netflix.discovery.DiscoveryClient    : Application is null : false
2025-02-15T13:21:45.612+01:00  INFO 20784 --- [INVENTORY-SERVICE] [main] com.netflix.discovery.DiscoveryClient    : Registered Applications size is zero : true
2025-02-15T13:21:45.612+01:00  INFO 20784 --- [INVENTORY-SERVICE] [main] com.netflix.discovery.DiscoveryClient    : Application version is -1: true
2025-02-15T13:21:45.612+01:00  INFO 20784 --- [INVENTORY-SERVICE] [main] com.netflix.discovery.DiscoveryClient    : Getting all instance registry info from the eureka server
2025-02-15T13:21:46.096+01:00  INFO 20784 --- [INVENTORY-SERVICE] [main] com.netflix.discovery.DiscoveryClient    : The response status is 200
2025-02-15T13:21:46.099+01:00  INFO 20784 --- [INVENTORY-SERVICE] [main] com.netflix.discovery.DiscoveryClient    : Starting heartbeat executor: renew interval is: 30
2025-02-15T13:21:46.102+01:00  INFO 20784 --- [INVENTORY-SERVICE] [main] c.n.discovery.InstanceInfoReplicator     : InstanceInfoReplicator onDemand update allowed rate per min is 4
2025-02-15T13:21:46.104+01:00  INFO 20784 --- [INVENTORY-SERVICE] [main] com.netflix.discovery.DiscoveryClient    : Discovery Client initialized at timestamp 1739622106103 with initial instances count: 4
2025-02-15T13:21:46.112+01:00  INFO 20784 --- [INVENTORY-SERVICE] [main] o.s.c.n.e.s.EurekaServiceRegistry        : Registering application INVENTORY-SERVICE with eureka with status UP
2025-02-15T13:21:46.113+01:00  INFO 20784 --- [INVENTORY-SERVICE] [main] com.netflix.discovery.DiscoveryClient    : Saw local status change event StatusChangeEvent [timestamp=1739622106113, current=UP, previous=STARTING]
2025-02-15T13:21:46.116+01:00  INFO 20784 --- [INVENTORY-SERVICE] [DiscoveryClient-InstanceInfoReplicator-%d] com.netflix.discovery.DiscoveryClient    : DiscoveryClient_INVENTORY-SERVICE/localhost:INVENTORY-SERVICE:8081: registering service...
2025-02-15T13:21:46.133+01:00  INFO 20784 --- [INVENTORY-SERVICE] [main] d.z.i.InventoryServiceApplicationTests   : Started InventoryServiceApplicationTests in 12.935 seconds (process running for 15.28)
2025-02-15T13:21:46.191+01:00  INFO 20784 --- [INVENTORY-SERVICE] [DiscoveryClient-InstanceInfoReplicator-%d] com.netflix.discovery.DiscoveryClient    : DiscoveryClient_INVENTORY-SERVICE/localhost:INVENTORY-SERVICE:8081 - registration status: 204
2025-02-15T13:21:47.026+01:00  INFO 20784 --- [INVENTORY-SERVICE] [SpringApplicationShutdownHook] o.s.c.n.e.s.EurekaServiceRegistry        : Unregistering application INVENTORY-SERVICE with eureka with status DOWN
2025-02-15T13:21:47.027+01:00  INFO 20784 --- [INVENTORY-SERVICE] [SpringApplicationShutdownHook] com.netflix.discovery.DiscoveryClient    : Saw local status change event StatusChangeEvent [timestamp=1739622107027, current=DOWN, previous=UP]
2025-02-15T13:21:47.027+01:00  INFO 20784 --- [INVENTORY-SERVICE] [DiscoveryClient-InstanceInfoReplicator-%d] com.netflix.discovery.DiscoveryClient    : DiscoveryClient_INVENTORY-SERVICE/localhost:INVENTORY-SERVICE:8081: registering service...
2025-02-15T13:21:47.032+01:00  INFO 20784 --- [INVENTORY-SERVICE] [DiscoveryClient-InstanceInfoReplicator-%d] com.netflix.discovery.DiscoveryClient    : DiscoveryClient_INVENTORY-SERVICE/localhost:INVENTORY-SERVICE:8081 - registration status: 204
2025-02-15T13:21:47.037+01:00  INFO 20784 --- [INVENTORY-SERVICE] [SpringApplicationShutdownHook] j.LocalContainerEntityManagerFactoryBean : Closing JPA EntityManagerFactory for persistence unit 'default'
2025-02-15T13:21:47.041+01:00  INFO 20784 --- [INVENTORY-SERVICE] [SpringApplicationShutdownHook] com.zaxxer.hikari.HikariDataSource       : HikariPool-1 - Shutdown initiated...
2025-02-15T13:21:47.045+01:00  INFO 20784 --- [INVENTORY-SERVICE] [SpringApplicationShutdownHook] com.zaxxer.hikari.HikariDataSource       : HikariPool-1 - Shutdown completed.
2025-02-15T13:21:47.046+01:00  INFO 20784 --- [INVENTORY-SERVICE] [SpringApplicationShutdownHook] com.netflix.discovery.DiscoveryClient    : Shutting down DiscoveryClient ...
2025-02-15T13:21:50.053+01:00  INFO 20784 --- [INVENTORY-SERVICE] [SpringApplicationShutdownHook] com.netflix.discovery.DiscoveryClient    : Unregistering ...
2025-02-15T13:21:50.071+01:00  INFO 20784 --- [INVENTORY-SERVICE] [SpringApplicationShutdownHook] com.netflix.discovery.DiscoveryClient    : DiscoveryClient_INVENTORY-SERVICE/localhost:INVENTORY-SERVICE:8081 - deregister  status: 200
2025-02-15T13:21:50.071+01:00  INFO 20784 --- [INVENTORY-SERVICE] [SpringApplicationShutdownHook] com.netflix.discovery.DiscoveryClient    : Completed shut down of DiscoveryClient
