2025-02-12T20:56:51.221+01:00  INFO 9264 --- [USER-SERVICE] [main] d.z.u.UserServiceApplicationTests        : Starting UserServiceApplicationTests using Java 21.0.6 with PID 9264 (started by Sebastian in C:\Users\Sebastian\IdeaProjects\rpg-game-application\rpg-game-application\user-service)
2025-02-12T20:56:51.224+01:00  INFO 9264 --- [USER-SERVICE] [main] d.z.u.UserServiceApplicationTests        : The following 1 profile is active: "test"
2025-02-12T20:56:52.510+01:00  INFO 9264 --- [USER-SERVICE] [main] .s.d.r.c.RepositoryConfigurationDelegate : Bootstrapping Spring Data JPA repositories in DEFAULT mode.
2025-02-12T20:56:52.691+01:00  INFO 9264 --- [USER-SERVICE] [main] .s.d.r.c.RepositoryConfigurationDelegate : Finished Spring Data repository scanning in 167 ms. Found 1 JPA repository interface.
2025-02-12T20:56:53.006+01:00  INFO 9264 --- [USER-SERVICE] [main] o.s.cloud.context.scope.GenericScope     : BeanFactory id=2a71fdf5-9277-3574-b4bc-620f1a99e483
2025-02-12T20:56:53.794+01:00  INFO 9264 --- [USER-SERVICE] [main] o.hibernate.jpa.internal.util.LogHelper  : HHH000204: Processing PersistenceUnitInfo [name: default]
2025-02-12T20:56:53.920+01:00  INFO 9264 --- [USER-SERVICE] [main] org.hibernate.Version                    : HHH000412: Hibernate ORM core version 6.6.5.Final
2025-02-12T20:56:53.995+01:00  INFO 9264 --- [USER-SERVICE] [main] o.h.c.internal.RegionFactoryInitiator    : HHH000026: Second-level cache disabled
2025-02-12T20:56:54.374+01:00  INFO 9264 --- [USER-SERVICE] [main] o.s.o.j.p.SpringPersistenceUnitInfo      : No LoadTimeWeaver setup: ignoring JPA class transformer
2025-02-12T20:56:54.412+01:00  INFO 9264 --- [USER-SERVICE] [main] com.zaxxer.hikari.HikariDataSource       : HikariPool-1 - Starting...
2025-02-12T20:56:54.624+01:00  INFO 9264 --- [USER-SERVICE] [main] com.zaxxer.hikari.pool.HikariPool        : HikariPool-1 - Added connection org.postgresql.jdbc.PgConnection@56dde9f7
2025-02-12T20:56:54.626+01:00  INFO 9264 --- [USER-SERVICE] [main] com.zaxxer.hikari.HikariDataSource       : HikariPool-1 - Start completed.
2025-02-12T20:56:54.711+01:00  INFO 9264 --- [USER-SERVICE] [main] org.hibernate.orm.connections.pooling    : HHH10001005: Database info:
	Database JDBC URL [Connecting through datasource 'HikariDataSource (HikariPool-1)']
	Database driver: undefined/unknown
	Database version: 16.3
	Autocommit mode: undefined/unknown
	Isolation level: undefined/unknown
	Minimum pool size: undefined/unknown
	Maximum pool size: undefined/unknown
2025-02-12T20:56:55.765+01:00  INFO 9264 --- [USER-SERVICE] [main] o.h.e.t.j.p.i.JtaPlatformInitiator       : HHH000489: No JTA platform available (set 'hibernate.transaction.jta.platform' to enable JTA platform integration)
2025-02-12T20:56:55.827+01:00  INFO 9264 --- [USER-SERVICE] [main] j.LocalContainerEntityManagerFactoryBean : Initialized JPA EntityManagerFactory for persistence unit 'default'
2025-02-12T20:56:56.407+01:00  INFO 9264 --- [USER-SERVICE] [main] o.s.d.j.r.query.QueryEnhancerFactory     : Hibernate is in classpath; If applicable, HQL parser will be used.
2025-02-12T20:56:59.543+01:00  INFO 9264 --- [USER-SERVICE] [main] o.s.cloud.commons.util.InetUtils         : Cannot determine local hostname
2025-02-12T20:57:01.130+01:00  INFO 9264 --- [USER-SERVICE] [main] o.s.cloud.commons.util.InetUtils         : Cannot determine local hostname
2025-02-12T20:57:01.170+01:00  INFO 9264 --- [USER-SERVICE] [main] DiscoveryClientOptionalArgsConfiguration : Eureka HTTP Client uses RestTemplate.
2025-02-12T20:57:01.243+01:00  WARN 9264 --- [USER-SERVICE] [main] iguration$LoadBalancerCaffeineWarnLogger : Spring Cloud LoadBalancer is currently working with the default cache. While this cache implementation is useful for development and tests, it's recommended to use Caffeine cache in production.You can switch to using Caffeine cache, by adding it and org.springframework.cache.caffeine.CaffeineCacheManager to the classpath.
2025-02-12T20:57:01.259+01:00  INFO 9264 --- [USER-SERVICE] [main] o.s.b.a.e.web.EndpointLinksResolver      : Exposing 4 endpoints beneath base path '/actuator'
2025-02-12T20:57:01.366+01:00  INFO 9264 --- [USER-SERVICE] [main] o.s.c.n.eureka.InstanceInfoFactory       : Setting initial instance status as: STARTING
2025-02-12T20:57:01.406+01:00  INFO 9264 --- [USER-SERVICE] [main] com.netflix.discovery.DiscoveryClient    : Initializing Eureka in region us-east-1
2025-02-12T20:57:01.413+01:00  INFO 9264 --- [USER-SERVICE] [main] c.n.d.s.r.aws.ConfigClusterResolver      : Resolving eureka endpoints via configuration
2025-02-12T20:57:01.427+01:00  INFO 9264 --- [USER-SERVICE] [main] com.netflix.discovery.DiscoveryClient    : Disable delta property : false
2025-02-12T20:57:01.428+01:00  INFO 9264 --- [USER-SERVICE] [main] com.netflix.discovery.DiscoveryClient    : Single vip registry refresh property : null
2025-02-12T20:57:01.428+01:00  INFO 9264 --- [USER-SERVICE] [main] com.netflix.discovery.DiscoveryClient    : Force full registry fetch : false
2025-02-12T20:57:01.428+01:00  INFO 9264 --- [USER-SERVICE] [main] com.netflix.discovery.DiscoveryClient    : Application is null : false
2025-02-12T20:57:01.428+01:00  INFO 9264 --- [USER-SERVICE] [main] com.netflix.discovery.DiscoveryClient    : Registered Applications size is zero : true
2025-02-12T20:57:01.429+01:00  INFO 9264 --- [USER-SERVICE] [main] com.netflix.discovery.DiscoveryClient    : Application version is -1: true
2025-02-12T20:57:01.429+01:00  INFO 9264 --- [USER-SERVICE] [main] com.netflix.discovery.DiscoveryClient    : Getting all instance registry info from the eureka server
2025-02-12T20:57:01.950+01:00  INFO 9264 --- [USER-SERVICE] [main] com.netflix.discovery.DiscoveryClient    : The response status is 200
2025-02-12T20:57:01.953+01:00  INFO 9264 --- [USER-SERVICE] [main] com.netflix.discovery.DiscoveryClient    : Starting heartbeat executor: renew interval is: 30
2025-02-12T20:57:01.957+01:00  INFO 9264 --- [USER-SERVICE] [main] c.n.discovery.InstanceInfoReplicator     : InstanceInfoReplicator onDemand update allowed rate per min is 4
2025-02-12T20:57:01.960+01:00  INFO 9264 --- [USER-SERVICE] [main] com.netflix.discovery.DiscoveryClient    : Discovery Client initialized at timestamp 1739390221959 with initial instances count: 2
2025-02-12T20:57:01.967+01:00  INFO 9264 --- [USER-SERVICE] [main] o.s.c.n.e.s.EurekaServiceRegistry        : Registering application USER-SERVICE with eureka with status UP
2025-02-12T20:57:01.968+01:00  INFO 9264 --- [USER-SERVICE] [main] com.netflix.discovery.DiscoveryClient    : Saw local status change event StatusChangeEvent [timestamp=1739390221968, current=UP, previous=STARTING]
2025-02-12T20:57:01.970+01:00  INFO 9264 --- [USER-SERVICE] [DiscoveryClient-InstanceInfoReplicator-%d] com.netflix.discovery.DiscoveryClient    : DiscoveryClient_USER-SERVICE/localhost:USER-SERVICE:8083: registering service...
2025-02-12T20:57:01.991+01:00  INFO 9264 --- [USER-SERVICE] [main] d.z.u.UserServiceApplicationTests        : Started UserServiceApplicationTests in 12.283 seconds (process running for 13.968)
2025-02-12T20:57:02.036+01:00  INFO 9264 --- [USER-SERVICE] [DiscoveryClient-InstanceInfoReplicator-%d] com.netflix.discovery.DiscoveryClient    : DiscoveryClient_USER-SERVICE/localhost:USER-SERVICE:8083 - registration status: 204
2025-02-12T20:57:02.961+01:00  INFO 9264 --- [USER-SERVICE] [SpringApplicationShutdownHook] o.s.c.n.e.s.EurekaServiceRegistry        : Unregistering application USER-SERVICE with eureka with status DOWN
2025-02-12T20:57:02.961+01:00  INFO 9264 --- [USER-SERVICE] [SpringApplicationShutdownHook] com.netflix.discovery.DiscoveryClient    : Saw local status change event StatusChangeEvent [timestamp=1739390222961, current=DOWN, previous=UP]
2025-02-12T20:57:02.962+01:00  INFO 9264 --- [USER-SERVICE] [DiscoveryClient-InstanceInfoReplicator-%d] com.netflix.discovery.DiscoveryClient    : DiscoveryClient_USER-SERVICE/localhost:USER-SERVICE:8083: registering service...
2025-02-12T20:57:02.966+01:00  INFO 9264 --- [USER-SERVICE] [DiscoveryClient-InstanceInfoReplicator-%d] com.netflix.discovery.DiscoveryClient    : DiscoveryClient_USER-SERVICE/localhost:USER-SERVICE:8083 - registration status: 204
2025-02-12T20:57:02.971+01:00  INFO 9264 --- [USER-SERVICE] [SpringApplicationShutdownHook] j.LocalContainerEntityManagerFactoryBean : Closing JPA EntityManagerFactory for persistence unit 'default'
2025-02-12T20:57:02.974+01:00  INFO 9264 --- [USER-SERVICE] [SpringApplicationShutdownHook] com.zaxxer.hikari.HikariDataSource       : HikariPool-1 - Shutdown initiated...
2025-02-12T20:57:02.978+01:00  INFO 9264 --- [USER-SERVICE] [SpringApplicationShutdownHook] com.zaxxer.hikari.HikariDataSource       : HikariPool-1 - Shutdown completed.
2025-02-12T20:57:02.980+01:00  INFO 9264 --- [USER-SERVICE] [SpringApplicationShutdownHook] com.netflix.discovery.DiscoveryClient    : Shutting down DiscoveryClient ...
2025-02-12T20:57:05.991+01:00  INFO 9264 --- [USER-SERVICE] [SpringApplicationShutdownHook] com.netflix.discovery.DiscoveryClient    : Unregistering ...
2025-02-12T20:57:06.009+01:00  INFO 9264 --- [USER-SERVICE] [SpringApplicationShutdownHook] com.netflix.discovery.DiscoveryClient    : DiscoveryClient_USER-SERVICE/localhost:USER-SERVICE:8083 - deregister  status: 200
2025-02-12T20:57:06.009+01:00  INFO 9264 --- [USER-SERVICE] [SpringApplicationShutdownHook] com.netflix.discovery.DiscoveryClient    : Completed shut down of DiscoveryClient
